<User_Record>
	<A1C_Records>
		<A1C_Record>
			<A1CValue>6.8</A1CValue>
			<RecordedTime>2016-05-16T19:30:08+0000</RecordedTime>
		</A1C_Record>
	</A1C_Records>
	<UserID>5730e4fdf485491aaff0f14e</UserID>
	<Created_Time>2016-05-16T15:33:06+0000</Created_Time>
</User_Record>


